<?xml version="1.0" encoding="UTF-8"?>
<testng-results skipped="0" failed="0" total="2" passed="2">
  <reporter-output>
  </reporter-output>
  <suite name="Wellsfargo_Test" duration-ms="18510" started-at="2014-03-28T03:20:56Z" finished-at="2014-03-28T03:21:14Z">
    <groups>
    </groups>
    <test name="wellsfargo" duration-ms="18510" started-at="2014-03-28T03:20:56Z" finished-at="2014-03-28T03:21:14Z">
      <class name="com.wellsfargo.test.HomeLendingTests">
        <test-method status="PASS" signature="setup(java.lang.String)[pri:0, instance:com.wellsfargo.test.HomeLendingTests@751b1e07]" name="setup" is-config="true" duration-ms="11613" started-at="2014-03-27T20:20:56Z" finished-at="2014-03-27T20:21:08Z">
          <params>
            <param index="0">
              <value>
                <![CDATA[Chrome]]>
              </value>
            </param>
          </params>
          <reporter-output>
          </reporter-output>
        </test-method> <!-- setup -->
        <test-method status="PASS" signature="navigate()[pri:0, instance:com.wellsfargo.test.HomeLendingTests@751b1e07]" name="navigate" is-config="true" duration-ms="1" started-at="2014-03-27T20:21:08Z" finished-at="2014-03-27T20:21:08Z">
          <reporter-output>
          </reporter-output>
        </test-method> <!-- navigate -->
        <test-method status="PASS" signature="testHomePage()[pri:0, instance:com.wellsfargo.test.HomeLendingTests@751b1e07]" name="testHomePage" duration-ms="44" started-at="2014-03-27T20:21:08Z" finished-at="2014-03-27T20:21:08Z">
          <reporter-output>
          </reporter-output>
        </test-method> <!-- testHomePage -->
        <test-method status="PASS" signature="browserWait()[pri:0, instance:com.wellsfargo.test.HomeLendingTests@751b1e07]" name="browserWait" is-config="true" duration-ms="13" started-at="2014-03-27T20:21:08Z" finished-at="2014-03-27T20:21:08Z">
          <reporter-output>
          </reporter-output>
        </test-method> <!-- browserWait -->
        <test-method status="PASS" signature="navigate()[pri:0, instance:com.wellsfargo.test.HomeLendingTests@751b1e07]" name="navigate" is-config="true" duration-ms="0" started-at="2014-03-27T20:21:08Z" finished-at="2014-03-27T20:21:08Z">
          <reporter-output>
          </reporter-output>
        </test-method> <!-- navigate -->
        <test-method status="PASS" signature="testHomeLending()[pri:0, instance:com.wellsfargo.test.HomeLendingTests@751b1e07]" name="testHomeLending" duration-ms="5514" started-at="2014-03-27T20:21:08Z" depends-on-methods="com.wellsfargo.test.HomeLendingTests.testHomePage" finished-at="2014-03-27T20:21:13Z">
          <reporter-output>
          </reporter-output>
        </test-method> <!-- testHomeLending -->
        <test-method status="PASS" signature="browserWait()[pri:0, instance:com.wellsfargo.test.HomeLendingTests@751b1e07]" name="browserWait" is-config="true" duration-ms="9" started-at="2014-03-27T20:21:13Z" finished-at="2014-03-27T20:21:13Z">
          <reporter-output>
          </reporter-output>
        </test-method> <!-- browserWait -->
        <test-method status="PASS" signature="tearDown()[pri:0, instance:com.wellsfargo.test.HomeLendingTests@751b1e07]" name="tearDown" is-config="true" duration-ms="1265" started-at="2014-03-27T20:21:13Z" finished-at="2014-03-27T20:21:14Z">
          <reporter-output>
          </reporter-output>
        </test-method> <!-- tearDown -->
      </class> <!-- com.wellsfargo.test.HomeLendingTests -->
    </test> <!-- wellsfargo -->
  </suite> <!-- Wellsfargo_Test -->
</testng-results>
